# JRE version: OpenJDK Runtime Environment (17.0.1+12) (build 17.0.1+12-39)
# Java VM: OpenJDK 64-Bit Server VM (17.0.1+12-39, mixed mode, emulated-client, sharing, tiered, compressed oops, compressed class ptrs, g1 gc, windows-amd64)
GC Precious Log:
 CPUs: 12 total, 12 available
 Memory: 15741M
 Large Page Support: Disabled
 NUMA Support: Disabled
 Compressed Oops: Enabled (Zero based)
 Heap Region Size: 2M
 Heap Min Capacity: 8M
 Heap Initial Capacity: 246M
 Heap Max Capacity: 3936M
 Pre-touch: Disabled
 Parallel Workers: 10
 Concurrent Workers: 3
 Concurrent Refinement Workers: 10
 Periodic GC: Disabled
Heap:
 garbage-first heap   total 540672K, used 142079K [0x000000070a000000, 0x0000000800000000)
  region size 2048K, 5 young (10240K), 5 survivors (10240K)
 Metaspace       used 83902K, committed 84672K, reserved 1122304K
  class space    used 11628K, committed 11968K, reserved 1048576K
GC Heap History (20 events):
Event: 1474.326 GC heap after
{Heap after GC invocations=21 (full 0):
 garbage-first heap   total 212992K, used 105386K [0x000000070a000000, 0x0000000800000000)
  region size 2048K, 1 young (2048K), 1 survivors (2048K)
 Metaspace       used 75299K, committed 76480K, reserved 1122304K
  class space    used 10406K, committed 10816K, reserved 1048576K
}
Event: 1474.797 GC heap before
{Heap before GC invocations=21 (full 0):
 garbage-first heap   total 212992K, used 164778K [0x000000070a000000, 0x0000000800000000)
  region size 2048K, 30 young (61440K), 1 survivors (2048K)
 Metaspace       used 75299K, committed 76480K, reserved 1122304K
  class space    used 10406K, committed 10816K, reserved 1048576K
}
Event: 1474.813 GC heap after
{Heap after GC invocations=22 (full 0):
 garbage-first heap   total 540672K, used 115177K [0x000000070a000000, 0x0000000800000000)
  region size 2048K, 4 young (8192K), 4 survivors (8192K)
 Metaspace       used 75299K, committed 76480K, reserved 1122304K
  class space    used 10406K, committed 10816K, reserved 1048576K
}
Event: 1477.605 GC heap before
{Heap before GC invocations=23 (full 0):
 garbage-first heap   total 417792K, used 344553K [0x000000070a000000, 0x0000000800000000)
  region size 2048K, 116 young (237568K), 4 survivors (8192K)
 Metaspace       used 75340K, committed 76480K, reserved 1122304K
  class space    used 10405K, committed 10816K, reserved 1048576K
}
Event: 1477.634 GC heap after
{Heap after GC invocations=24 (full 0):
 garbage-first heap   total 417792K, used 154548K [0x000000070a000000, 0x0000000800000000)
  region size 2048K, 15 young (30720K), 15 survivors (30720K)
 Metaspace       used 75340K, committed 76480K, reserved 1122304K
  class space    used 10405K, committed 10816K, reserved 1048576K
}
Event: 1477.642 GC heap before
{Heap before GC invocations=24 (full 0):
 garbage-first heap   total 417792K, used 156596K [0x000000070a000000, 0x0000000800000000)
  region size 2048K, 16 young (32768K), 15 survivors (30720K)
 Metaspace       used 75340K, committed 76480K, reserved 1122304K
  class space    used 10405K, committed 10816K, reserved 1048576K
}
Event: 1477.661 GC heap after
{Heap after GC invocations=25 (full 0):
 garbage-first heap   total 417792K, used 156839K [0x000000070a000000, 0x0000000800000000)
  region size 2048K, 2 young (4096K), 2 survivors (4096K)
 Metaspace       used 75340K, committed 76480K, reserved 1122304K
  class space    used 10405K, committed 10816K, reserved 1048576K
}
Event: 1478.090 GC heap before
{Heap before GC invocations=25 (full 0):
 garbage-first heap   total 417792K, used 181415K [0x000000070a000000, 0x0000000800000000)
  region size 2048K, 16 young (32768K), 2 survivors (4096K)
 Metaspace       used 75501K, committed 76480K, reserved 1122304K
  class space    used 10436K, committed 10816K, reserved 1048576K
}
Event: 1478.098 GC heap after
{Heap after GC invocations=26 (full 0):
 garbage-first heap   total 417792K, used 167479K [0x000000070a000000, 0x0000000800000000)
  region size 2048K, 7 young (14336K), 7 survivors (14336K)
 Metaspace       used 75501K, committed 76480K, reserved 1122304K
  class space    used 10436K, committed 10816K, reserved 1048576K
}
Event: 1492.909 GC heap before
{Heap before GC invocations=27 (full 0):
 garbage-first heap   total 417792K, used 296503K [0x000000070a000000, 0x0000000800000000)
  region size 2048K, 72 young (147456K), 7 survivors (14336K)
 Metaspace       used 76651K, committed 77184K, reserved 1122304K
  class space    used 10635K, committed 10880K, reserved 1048576K
}
Event: 1492.926 GC heap after
{Heap after GC invocations=28 (full 0):
 garbage-first heap   total 417792K, used 184414K [0x000000070a000000, 0x0000000800000000)
  region size 2048K, 9 young (18432K), 9 survivors (18432K)
 Metaspace       used 76651K, committed 77184K, reserved 1122304K
  class space    used 10635K, committed 10880K, reserved 1048576K
}
Event: 1492.971 GC heap before
{Heap before GC invocations=28 (full 0):
 garbage-first heap   total 417792K, used 186462K [0x000000070a000000, 0x0000000800000000)
  region size 2048K, 10 young (20480K), 9 survivors (18432K)
 Metaspace       used 76654K, committed 77184K, reserved 1122304K
  class space    used 10635K, committed 10880K, reserved 1048576K
}
Event: 1492.982 GC heap after
{Heap after GC invocations=29 (full 0):
 garbage-first heap   total 417792K, used 184514K [0x000000070a000000, 0x0000000800000000)
  region size 2048K, 2 young (4096K), 2 survivors (4096K)
 Metaspace       used 76654K, committed 77184K, reserved 1122304K
  class space    used 10635K, committed 10880K, reserved 1048576K
}
Event: 1493.593 GC heap before
{Heap before GC invocations=29 (full 0):
 garbage-first heap   total 417792K, used 307394K [0x000000070a000000, 0x0000000800000000)
  region size 2048K, 63 young (129024K), 2 survivors (4096K)
 Metaspace       used 76986K, committed 77568K, reserved 1122304K
  class space    used 10701K, committed 10944K, reserved 1048576K
}
Event: 1493.600 GC heap after
{Heap after GC invocations=30 (full 0):
 garbage-first heap   total 417792K, used 189236K [0x000000070a000000, 0x0000000800000000)
  region size 2048K, 4 young (8192K), 4 survivors (8192K)
 Metaspace       used 76986K, committed 77568K, reserved 1122304K
  class space    used 10701K, committed 10944K, reserved 1048576K
}
Event: 1493.978 GC heap before
{Heap before GC invocations=31 (full 0):
 garbage-first heap   total 417792K, used 275252K [0x000000070a000000, 0x0000000800000000)
  region size 2048K, 67 young (137216K), 4 survivors (8192K)
 Metaspace       used 77001K, committed 77568K, reserved 1122304K
  class space    used 10703K, committed 10944K, reserved 1048576K
}
Event: 1493.988 GC heap after
{Heap after GC invocations=32 (full 0):
 garbage-first heap   total 417792K, used 152900K [0x000000070a000000, 0x0000000800000000)
  region size 2048K, 6 young (12288K), 6 survivors (12288K)
 Metaspace       used 77001K, committed 77568K, reserved 1122304K
  class space    used 10703K, committed 10944K, reserved 1048576K
}
Event: 1494.164 GC heap before
{Heap before GC invocations=32 (full 0):
 garbage-first heap   total 417792K, used 161092K [0x000000070a000000, 0x0000000800000000)
  region size 2048K, 10 young (20480K), 6 survivors (12288K)
 Metaspace       used 77705K, committed 78336K, reserved 1122304K
  class space    used 10783K, committed 11072K, reserved 1048576K
}
Event: 1494.176 GC heap after
{Heap after GC invocations=33 (full 0):
 garbage-first heap   total 417792K, used 136685K [0x000000070a000000, 0x0000000800000000)
  region size 2048K, 2 young (4096K), 2 survivors (4096K)
 Metaspace       used 77705K, committed 78336K, reserved 1122304K
  class space    used 10783K, committed 11072K, reserved 1048576K
}
Event: 1705.747 GC heap before
{Heap before GC invocations=33 (full 0):
 garbage-first heap   total 417792K, used 298477K [0x000000070a000000, 0x0000000800000000)
  region size 2048K, 81 young (165888K), 2 survivors (4096K)
 Metaspace       used 83902K, committed 84672K, reserved 1122304K
  class space    used 11628K, committed 11968K, reserved 1048576K
}

