# JRE version: OpenJDK Runtime Environment (17.0.1+12) (build 17.0.1+12-39)
# Java VM: OpenJDK 64-Bit Server VM (17.0.1+12-39, mixed mode, sharing, tiered, compressed oops, compressed class ptrs, g1 gc, windows-amd64)
GC Precious Log:
 CPUs: 12 total, 12 available
 Memory: 15741M
 Large Page Support: Disabled
 NUMA Support: Disabled
 Compressed Oops: Enabled (Zero based)
 Heap Region Size: 2M
 Heap Min Capacity: 8M
 Heap Initial Capacity: 246M
 Heap Max Capacity: 3936M
 Pre-touch: Disabled
 Parallel Workers: 10
 Concurrent Workers: 3
 Concurrent Refinement Workers: 10
 Periodic GC: Disabled
Heap:
 garbage-first heap   total 763904K, used 271374K [0x000000070a000000, 0x0000000800000000)
  region size 2048K, 45 young (92160K), 5 survivors (10240K)
 Metaspace       used 32526K, committed 32960K, reserved 1081344K
  class space    used 3542K, committed 3712K, reserved 1048576K
GC Heap History (20 events):
Event: 12.226 GC heap before
{Heap before GC invocations=6 (full 0):
 garbage-first heap   total 251904K, used 178176K [0x000000070a000000, 0x0000000800000000)
  region size 2048K, 56 young (114688K), 8 survivors (16384K)
 Metaspace       used 18123K, committed 18432K, reserved 1064960K
  class space    used 1943K, committed 2112K, reserved 1048576K
}
Event: 12.257 GC heap after
{Heap after GC invocations=7 (full 0):
 garbage-first heap   total 251904K, used 105942K [0x000000070a000000, 0x0000000800000000)
  region size 2048K, 7 young (14336K), 7 survivors (14336K)
 Metaspace       used 18123K, committed 18432K, reserved 1064960K
  class space    used 1943K, committed 2112K, reserved 1048576K
}
Event: 12.668 GC heap before
{Heap before GC invocations=7 (full 0):
 garbage-first heap   total 251904K, used 177622K [0x000000070a000000, 0x0000000800000000)
  region size 2048K, 43 young (88064K), 7 survivors (14336K)
 Metaspace       used 18223K, committed 18496K, reserved 1073152K
  class space    used 1955K, committed 2112K, reserved 1048576K
}
Event: 12.692 GC heap after
{Heap after GC invocations=8 (full 0):
 garbage-first heap   total 331776K, used 119684K [0x000000070a000000, 0x0000000800000000)
  region size 2048K, 6 young (12288K), 6 survivors (12288K)
 Metaspace       used 18223K, committed 18496K, reserved 1073152K
  class space    used 1955K, committed 2112K, reserved 1048576K
}
Event: 13.999 GC heap before
{Heap before GC invocations=8 (full 0):
 garbage-first heap   total 331776K, used 209796K [0x000000070a000000, 0x0000000800000000)
  region size 2048K, 49 young (100352K), 6 survivors (12288K)
 Metaspace       used 21211K, committed 21504K, reserved 1073152K
  class space    used 2352K, committed 2496K, reserved 1048576K
}
Event: 14.014 GC heap after
{Heap after GC invocations=9 (full 0):
 garbage-first heap   total 331776K, used 129885K [0x000000070a000000, 0x0000000800000000)
  region size 2048K, 3 young (6144K), 3 survivors (6144K)
 Metaspace       used 21211K, committed 21504K, reserved 1073152K
  class space    used 2352K, committed 2496K, reserved 1048576K
}
Event: 17.357 GC heap before
{Heap before GC invocations=10 (full 0):
 garbage-first heap   total 331776K, used 248669K [0x000000070a000000, 0x0000000800000000)
  region size 2048K, 60 young (122880K), 3 survivors (6144K)
 Metaspace       used 28436K, committed 28736K, reserved 1081344K
  class space    used 3124K, committed 3264K, reserved 1048576K
}
Event: 17.373 GC heap after
{Heap after GC invocations=11 (full 0):
 garbage-first heap   total 331776K, used 150460K [0x000000070a000000, 0x0000000800000000)
  region size 2048K, 8 young (16384K), 8 survivors (16384K)
 Metaspace       used 28436K, committed 28736K, reserved 1081344K
  class space    used 3124K, committed 3264K, reserved 1048576K
}
Event: 17.456 GC heap before
{Heap before GC invocations=11 (full 0):
 garbage-first heap   total 331776K, used 152508K [0x000000070a000000, 0x0000000800000000)
  region size 2048K, 9 young (18432K), 8 survivors (16384K)
 Metaspace       used 28708K, committed 29056K, reserved 1081344K
  class space    used 3155K, committed 3328K, reserved 1048576K
}
Event: 17.468 GC heap after
{Heap after GC invocations=12 (full 0):
 garbage-first heap   total 331776K, used 150831K [0x000000070a000000, 0x0000000800000000)
  region size 2048K, 1 young (2048K), 1 survivors (2048K)
 Metaspace       used 28708K, committed 29056K, reserved 1081344K
  class space    used 3155K, committed 3328K, reserved 1048576K
}
Event: 18.498 GC heap before
{Heap before GC invocations=12 (full 0):
 garbage-first heap   total 331776K, used 202031K [0x000000070a000000, 0x0000000800000000)
  region size 2048K, 27 young (55296K), 1 survivors (2048K)
 Metaspace       used 30859K, committed 31168K, reserved 1081344K
  class space    used 3371K, committed 3520K, reserved 1048576K
}
Event: 18.504 GC heap after
{Heap after GC invocations=13 (full 0):
 garbage-first heap   total 331776K, used 150514K [0x000000070a000000, 0x0000000800000000)
  region size 2048K, 2 young (4096K), 2 survivors (4096K)
 Metaspace       used 30859K, committed 31168K, reserved 1081344K
  class space    used 3371K, committed 3520K, reserved 1048576K
}
Event: 19.773 GC heap before
{Heap before GC invocations=13 (full 0):
 garbage-first heap   total 331776K, used 246770K [0x000000070a000000, 0x0000000800000000)
  region size 2048K, 49 young (100352K), 2 survivors (4096K)
 Metaspace       used 31168K, committed 31488K, reserved 1081344K
  class space    used 3398K, committed 3520K, reserved 1048576K
}
Event: 19.783 GC heap after
{Heap after GC invocations=14 (full 0):
 garbage-first heap   total 331776K, used 168362K [0x000000070a000000, 0x0000000800000000)
  region size 2048K, 7 young (14336K), 7 survivors (14336K)
 Metaspace       used 31168K, committed 31488K, reserved 1081344K
  class space    used 3398K, committed 3520K, reserved 1048576K
}
Event: 20.133 GC heap before
{Heap before GC invocations=15 (full 0):
 garbage-first heap   total 331776K, used 254378K [0x000000070a000000, 0x0000000800000000)
  region size 2048K, 49 young (100352K), 7 survivors (14336K)
 Metaspace       used 31239K, committed 31616K, reserved 1081344K
  class space    used 3407K, committed 3584K, reserved 1048576K
}
Event: 20.150 GC heap after
{Heap after GC invocations=16 (full 0):
 garbage-first heap   total 331776K, used 183049K [0x000000070a000000, 0x0000000800000000)
  region size 2048K, 6 young (12288K), 6 survivors (12288K)
 Metaspace       used 31239K, committed 31616K, reserved 1081344K
  class space    used 3407K, committed 3584K, reserved 1048576K
}
Event: 20.174 GC heap before
{Heap before GC invocations=16 (full 0):
 garbage-first heap   total 331776K, used 187145K [0x000000070a000000, 0x0000000800000000)
  region size 2048K, 8 young (16384K), 6 survivors (12288K)
 Metaspace       used 31239K, committed 31616K, reserved 1081344K
  class space    used 3407K, committed 3584K, reserved 1048576K
}
Event: 20.190 GC heap after
{Heap after GC invocations=17 (full 0):
 garbage-first heap   total 331776K, used 182740K [0x000000070a000000, 0x0000000800000000)
  region size 2048K, 1 young (2048K), 1 survivors (2048K)
 Metaspace       used 31239K, committed 31616K, reserved 1081344K
  class space    used 3407K, committed 3584K, reserved 1048576K
}
Event: 20.518 GC heap before
{Heap before GC invocations=17 (full 0):
 garbage-first heap   total 331776K, used 207316K [0x000000070a000000, 0x0000000800000000)
  region size 2048K, 14 young (28672K), 1 survivors (2048K)
 Metaspace       used 31402K, committed 31744K, reserved 1081344K
  class space    used 3428K, committed 3584K, reserved 1048576K
}
Event: 20.535 GC heap after
{Heap after GC invocations=18 (full 0):
 garbage-first heap   total 763904K, used 189454K [0x000000070a000000, 0x0000000800000000)
  region size 2048K, 5 young (10240K), 5 survivors (10240K)
 Metaspace       used 31402K, committed 31744K, reserved 1081344K
  class space    used 3428K, committed 3584K, reserved 1048576K
}

